

Started GET "/wisp/field_status" for 127.0.0.1 at 2011-06-21 17:05:07 -0500
  Processing by WispController#field_status as HTML
  [1m[35mUser Load (0.1ms)[0m  SELECT "users".* FROM "users" WHERE "users"."id" = 868534032 LIMIT 1
  [1m[36mGroup Load (0.3ms)[0m  [1mSELECT "groups".* FROM "groups" INNER JOIN "memberships" ON "groups".id = "memberships".group_id WHERE (("memberships".user_id = 868534032))[0m
  [1m[35mFarm Load (0.5ms)[0m  SELECT "farms".* FROM "farms" WHERE (group_id = 109714344)
  [1m[36mFarm Load (0.3ms)[0m  [1mSELECT "farms".* FROM "farms" WHERE "farms"."id" = 872273070 LIMIT 1[0m
  [1m[35mPivot Load (0.4ms)[0m  SELECT "pivots".* FROM "pivots" WHERE ("pivots".farm_id = 872273070) LIMIT 1
  [1m[36mPivot Load (0.3ms)[0m  [1mSELECT "pivots".* FROM "pivots" WHERE "pivots"."id" = 425211171 LIMIT 1[0m
  [1m[35mField Load (0.2ms)[0m  SELECT "fields".* FROM "fields" WHERE ("fields".pivot_id = 425211171) LIMIT 1
#<Farm:0x00000104021818>

425211171
Rendered wisp/_sidebar.html.erb (2.2ms)
Rendered wisp/field_status.html.erb within layouts/application (5.4ms)
Completed   in 223ms

ActionView::Template::Error (undefined method `name' for nil:NilClass):
    80: 
    81: <h2>WISP Field Status Page</h2>
    82: 
    83: <div id="fieldDataBox">
    84: <h2>Field Data</h2>
    85: Farm name:<%= @farm.name %><br/>
    86: Pivot name: <%= @pivot.name %><br/>
  app/views/wisp/field_status.html.erb:83:in `_app_views_wisp_field_status_html_erb___4253167469458647384_2186047920_2374042493585797979'

Rendered /Users/wayne/.rvm/gems/ruby-1.9.2-p180@rails3/gems/actionpack-3.0.7/lib/action_dispatch/middleware/templates/rescues/_trace.erb (0.9ms)
Rendered /Users/wayne/.rvm/gems/ruby-1.9.2-p180@rails3/gems/actionpack-3.0.7/lib/action_dispatch/middleware/templates/rescues/_request_and_response.erb (2.8ms)
Rendered /Users/wayne/.rvm/gems/ruby-1.9.2-p180@rails3/gems/actionpack-3.0.7/lib/action_dispatch/middleware/templates/rescues/template_error.erb within rescues/layout (6.6ms)


Started GET "/wisp/field_status" for 127.0.0.1 at 2011-06-21 17:07:08 -0500
  Processing by WispController#field_status as HTML
  [1m[36mUser Load (0.1ms)[0m  [1mSELECT "users".* FROM "users" WHERE "users"."id" = 868534032 LIMIT 1[0m
  [1m[35mGroup Load (0.3ms)[0m  SELECT "groups".* FROM "groups" INNER JOIN "memberships" ON "groups".id = "memberships".group_id WHERE (("memberships".user_id = 868534032))
  [1m[36mFarm Load (0.5ms)[0m  [1mSELECT "farms".* FROM "farms" WHERE (group_id = 109714344)[0m
  [1m[35mFarm Load (0.3ms)[0m  SELECT "farms".* FROM "farms" WHERE "farms"."id" = 872273070 LIMIT 1
  [1m[36mPivot Load (0.5ms)[0m  [1mSELECT "pivots".* FROM "pivots" WHERE ("pivots".farm_id = 872273070) LIMIT 1[0m
  [1m[35mPivot Load (0.3ms)[0m  SELECT "pivots".* FROM "pivots" WHERE "pivots"."id" = 425211171 LIMIT 1
  [1m[36mField Load (0.2ms)[0m  [1mSELECT "fields".* FROM "fields" WHERE ("fields".pivot_id = 425211171) LIMIT 1[0m
  [1m[35mCACHE (0.0ms)[0m  SELECT "farms".* FROM "farms" WHERE "farms"."id" = 872273070 LIMIT 1
  [1m[36mCACHE (0.0ms)[0m  [1mSELECT "pivots".* FROM "pivots" WHERE "pivots"."id" = 425211171 LIMIT 1[0m
#<Farm:0x00000104409db8>

425211171
Rendered wisp/_sidebar.html.erb (2.7ms)
Rendered wisp/field_status.html.erb within layouts/application (5.9ms)
Completed   in 204ms

ActionView::Template::Error (undefined method `name' for nil:NilClass):
    82: 
    83: <div id="fieldDataBox">
    84: <h2>Field Data</h2>
    85: Farm name:<%= @farm.name %><br/>
    86: Pivot name: <%= @pivot.name %><br/>
    87: Field name/soil: <%= @field.name %><br/>
    88: Crop: <%= @field.crop.name %><br/>
  app/views/wisp/field_status.html.erb:85:in `_app_views_wisp_field_status_html_erb___4253167469458647384_2173504700_2374042493585797979'

Rendered /Users/wayne/.rvm/gems/ruby-1.9.2-p180@rails3/gems/actionpack-3.0.7/lib/action_dispatch/middleware/templates/rescues/_trace.erb (0.9ms)
Rendered /Users/wayne/.rvm/gems/ruby-1.9.2-p180@rails3/gems/actionpack-3.0.7/lib/action_dispatch/middleware/templates/rescues/_request_and_response.erb (3.0ms)
Rendered /Users/wayne/.rvm/gems/ruby-1.9.2-p180@rails3/gems/actionpack-3.0.7/lib/action_dispatch/middleware/templates/rescues/template_error.erb within rescues/layout (38.5ms)


Started GET "/wisp/field_status" for 127.0.0.1 at 2011-06-21 17:08:35 -0500
  Processing by WispController#field_status as HTML
  [1m[35mUser Load (0.1ms)[0m  SELECT "users".* FROM "users" WHERE "users"."id" = 868534032 LIMIT 1
  [1m[36mGroup Load (0.3ms)[0m  [1mSELECT "groups".* FROM "groups" INNER JOIN "memberships" ON "groups".id = "memberships".group_id WHERE (("memberships".user_id = 868534032))[0m
  [1m[35mFarm Load (0.5ms)[0m  SELECT "farms".* FROM "farms" WHERE (group_id = 109714344)
  [1m[36mFarm Load (0.4ms)[0m  [1mSELECT "farms".* FROM "farms" WHERE "farms"."id" = 872273070 LIMIT 1[0m
  [1m[35mPivot Load (0.4ms)[0m  SELECT "pivots".* FROM "pivots" WHERE ("pivots".farm_id = 872273070) LIMIT 1
  [1m[36mPivot Load (0.5ms)[0m  [1mSELECT "pivots".* FROM "pivots" WHERE "pivots"."id" = 425211171 LIMIT 1[0m
  [1m[35mField Load (0.2ms)[0m  SELECT "fields".* FROM "fields" WHERE ("fields".pivot_id = 425211171) LIMIT 1
  [1m[36mCACHE (0.0ms)[0m  [1mSELECT "farms".* FROM "farms" WHERE "farms"."id" = 872273070 LIMIT 1[0m
  [1m[35mCACHE (0.0ms)[0m  SELECT "pivots".* FROM "pivots" WHERE "pivots"."id" = 425211171 LIMIT 1
#<Farm:0x00000104688a30>

425211171
Rendered wisp/_sidebar.html.erb (2.2ms)
Rendered partials/_field_daily_wx.html.erb (0.3ms)
Rendered wisp/field_status.html.erb within layouts/application (7.7ms)
Completed 200 OK in 201ms (Views: 12.8ms | ActiveRecord: 2.3ms)


Started GET "/field_daily_weather?q=1&_search=false&nd=1308694116323&rows=10&page=1&sidx=&sord=" for 127.0.0.1 at 2011-06-21 17:08:36 -0500
  Processing by FieldDailyWeatherController#index as JSON
  Parameters: {"q"=>"1", "_search"=>"false", "nd"=>"1308694116323", "rows"=>"10", "page"=>"1", "sidx"=>"", "sord"=>""}
  [1m[36mField Load (0.4ms)[0m  [1mSELECT "fields".* FROM "fields" WHERE "fields"."name" = 'field one' LIMIT 1[0m
  [1m[35mSQL (0.2ms)[0m  SELECT COUNT(*) FROM "field_daily_weather" WHERE "field_daily_weather"."field_id" = 980190962
  [1m[36mCACHE (0.0ms)[0m  [1mSELECT COUNT(*) FROM "field_daily_weather" WHERE "field_daily_weather"."field_id" = 980190962[0m
  [1m[35mFieldDailyWeather Load (8.5ms)[0m  SELECT "field_daily_weather".* FROM "field_daily_weather" WHERE "field_daily_weather"."field_id" = 980190962 ORDER BY date
Completed 200 OK in 150ms (Views: 5.5ms | ActiveRecord: 9.0ms)
DEPRECATION WARNING: You are using the old router DSL which will be removed in Rails 3.1. Please check how to update your routes file at: http://www.engineyard.com/blog/2010/the-lowdown-on-routes-in-rails-3/. (called from <top (required)> at /Users/wayne/Documents/uwex_agwx_rails3/rails-app/config/routes.rb:1)


Started GET "/field_daily_weather?q=1&_search=false&nd=1308756313436&rows=10&page=1&sidx=&sord=" for 127.0.0.1 at 2011-06-22 10:25:13 -0500
  Processing by FieldDailyWeatherController#index as JSON
  Parameters: {"q"=>"1", "_search"=>"false", "nd"=>"1308756313436", "rows"=>"10", "page"=>"1", "sidx"=>"", "sord"=>""}
  [1m[36mSQL (0.3ms)[0m  [1m SELECT name
 FROM sqlite_master
 WHERE type = 'table' AND NOT name = 'sqlite_sequence'
[0m
  [1m[35mField Load (0.5ms)[0m  SELECT "fields".* FROM "fields" WHERE "fields"."name" = 'field one' LIMIT 1
  [1m[36mSQL (0.7ms)[0m  [1mSELECT COUNT(*) FROM "field_daily_weather" WHERE "field_daily_weather"."field_id" = 980190962[0m
  [1m[35mCACHE (0.0ms)[0m  SELECT COUNT(*) FROM "field_daily_weather" WHERE "field_daily_weather"."field_id" = 980190962
  [1m[36mFieldDailyWeather Load (9.8ms)[0m  [1mSELECT "field_daily_weather".* FROM "field_daily_weather" WHERE "field_daily_weather"."field_id" = 980190962 ORDER BY date[0m
Completed 200 OK in 371ms (Views: 7.8ms | ActiveRecord: 11.3ms)


Started GET "/wisp/field_status" for 127.0.0.1 at 2011-06-22 10:25:19 -0500
  Processing by WispController#field_status as HTML
  [1m[35mUser Load (13.4ms)[0m  SELECT "users".* FROM "users" WHERE "users"."id" = 868534032 LIMIT 1
  [1m[36mGroup Load (1.0ms)[0m  [1mSELECT "groups".* FROM "groups" INNER JOIN "memberships" ON "groups".id = "memberships".group_id WHERE (("memberships".user_id = 868534032))[0m
  [1m[35mFarm Load (0.5ms)[0m  SELECT "farms".* FROM "farms" WHERE (group_id = 109714344)
  [1m[36mFarm Load (0.2ms)[0m  [1mSELECT "farms".* FROM "farms" WHERE "farms"."id" = 872273070 LIMIT 1[0m
  [1m[35mPivot Load (0.4ms)[0m  SELECT "pivots".* FROM "pivots" WHERE ("pivots".farm_id = 872273070) LIMIT 1
  [1m[36mPivot Load (0.3ms)[0m  [1mSELECT "pivots".* FROM "pivots" WHERE "pivots"."id" = 425211171 LIMIT 1[0m
  [1m[35mField Load (0.2ms)[0m  SELECT "fields".* FROM "fields" WHERE ("fields".pivot_id = 425211171) LIMIT 1
  [1m[36mCACHE (0.0ms)[0m  [1mSELECT "farms".* FROM "farms" WHERE "farms"."id" = 872273070 LIMIT 1[0m
  [1m[35mCACHE (0.0ms)[0m  SELECT "pivots".* FROM "pivots" WHERE "pivots"."id" = 425211171 LIMIT 1
#<Farm:0x000001040ddea0>

425211171
Rendered wisp/_sidebar.html.erb (4.5ms)
Rendered partials/_field_daily_wx.html.erb (0.8ms)
Rendered wisp/field_status.html.erb within layouts/application (58.0ms)
Completed 200 OK in 373ms (Views: 73.6ms | ActiveRecord: 16.1ms)


Started GET "/field_daily_weather?q=1&_search=false&nd=1308756320698&rows=10&page=1&sidx=&sord=" for 127.0.0.1 at 2011-06-22 10:25:20 -0500
  Processing by FieldDailyWeatherController#index as JSON
  Parameters: {"q"=>"1", "_search"=>"false", "nd"=>"1308756320698", "rows"=>"10", "page"=>"1", "sidx"=>"", "sord"=>""}
  [1m[36mField Load (0.6ms)[0m  [1mSELECT "fields".* FROM "fields" WHERE "fields"."name" = 'field one' LIMIT 1[0m
  [1m[35mSQL (0.2ms)[0m  SELECT COUNT(*) FROM "field_daily_weather" WHERE "field_daily_weather"."field_id" = 980190962
  [1m[36mCACHE (0.0ms)[0m  [1mSELECT COUNT(*) FROM "field_daily_weather" WHERE "field_daily_weather"."field_id" = 980190962[0m
  [1m[35mFieldDailyWeather Load (38.2ms)[0m  SELECT "field_daily_weather".* FROM "field_daily_weather" WHERE "field_daily_weather"."field_id" = 980190962 ORDER BY date
Completed 200 OK in 142ms (Views: 5.4ms | ActiveRecord: 39.0ms)
DEPRECATION WARNING: You are using the old router DSL which will be removed in Rails 3.1. Please check how to update your routes file at: http://www.engineyard.com/blog/2010/the-lowdown-on-routes-in-rails-3/. (called from <top (required)> at /Users/wayne/Documents/uwex_agwx_rails3/rails-app/config/routes.rb:1)


Started GET "/field_daily_weather?q=1&_search=false&nd=1308858419414&rows=10&page=1&sidx=&sord=" for 127.0.0.1 at 2011-06-23 14:47:00 -0500
  Processing by FieldDailyWeatherController#index as JSON
  Parameters: {"q"=>"1", "_search"=>"false", "nd"=>"1308858419414", "rows"=>"10", "page"=>"1", "sidx"=>"", "sord"=>""}
  [1m[36mSQL (0.3ms)[0m  [1m SELECT name
 FROM sqlite_master
 WHERE type = 'table' AND NOT name = 'sqlite_sequence'
[0m
  [1m[35mField Load (0.4ms)[0m  SELECT "fields".* FROM "fields" WHERE "fields"."name" = 'field one' LIMIT 1
  [1m[36mSQL (0.8ms)[0m  [1mSELECT COUNT(*) FROM "field_daily_weather" WHERE "field_daily_weather"."field_id" = 980190962[0m
  [1m[35mCACHE (0.0ms)[0m  SELECT COUNT(*) FROM "field_daily_weather" WHERE "field_daily_weather"."field_id" = 980190962
  [1m[36mFieldDailyWeather Load (10.2ms)[0m  [1mSELECT "field_daily_weather".* FROM "field_daily_weather" WHERE "field_daily_weather"."field_id" = 980190962 ORDER BY date[0m
Completed 200 OK in 415ms (Views: 7.5ms | ActiveRecord: 11.7ms)


Started GET "/field_status" for 127.0.0.1 at 2011-06-23 14:47:05 -0500

ActionController::RoutingError (No route matches "/field_status"):
  

Rendered /Users/wayne/.rvm/gems/ruby-1.9.2-p180@rails3/gems/actionpack-3.0.7/lib/action_dispatch/middleware/templates/rescues/routing_error.erb within rescues/layout (0.9ms)


Started GET "/wisp/field_status" for 127.0.0.1 at 2011-06-23 14:47:10 -0500
  Processing by WispController#field_status as HTML
  [1m[35mUser Load (15.9ms)[0m  SELECT "users".* FROM "users" WHERE "users"."id" = 1 LIMIT 1
  [1m[36mGroup Load (0.9ms)[0m  [1mSELECT "groups".* FROM "groups" INNER JOIN "memberships" ON "groups".id = "memberships".group_id WHERE (("memberships".user_id = 1))[0m
Completed   in 173ms

RuntimeError (NO current group):
  app/controllers/application_controller.rb:13:in `get_current_ids'

Rendered /Users/wayne/.rvm/gems/ruby-1.9.2-p180@rails3/gems/actionpack-3.0.7/lib/action_dispatch/middleware/templates/rescues/_trace.erb (1.5ms)
Rendered /Users/wayne/.rvm/gems/ruby-1.9.2-p180@rails3/gems/actionpack-3.0.7/lib/action_dispatch/middleware/templates/rescues/_request_and_response.erb (3.2ms)
Rendered /Users/wayne/.rvm/gems/ruby-1.9.2-p180@rails3/gems/actionpack-3.0.7/lib/action_dispatch/middleware/templates/rescues/diagnostics.erb within rescues/layout (25.0ms)
DEPRECATION WARNING: You are using the old router DSL which will be removed in Rails 3.1. Please check how to update your routes file at: http://www.engineyard.com/blog/2010/the-lowdown-on-routes-in-rails-3/. (called from <top (required)> at /Users/wayne/Documents/uwex_agwx_rails3/rails-app/config/routes.rb:1)


Started GET "/wisp/field_status" for 127.0.0.1 at 2011-06-23 14:51:59 -0500
  Processing by WispController#field_status as HTML
  [1m[36mSQL (0.7ms)[0m  [1m SELECT name
 FROM sqlite_master
 WHERE type = 'table' AND NOT name = 'sqlite_sequence'
[0m
  [1m[35mUser Load (0.2ms)[0m  SELECT "users".* FROM "users" WHERE "users"."id" = 1 LIMIT 1
  [1m[36mGroup Load (0.2ms)[0m  [1mSELECT "groups".* FROM "groups" INNER JOIN "memberships" ON "groups".id = "memberships".group_id WHERE (("memberships".user_id = 1))[0m
Completed   in 154ms

RuntimeError (NO current group):
  app/controllers/application_controller.rb:13:in `get_current_ids'

Rendered /Users/wayne/.rvm/gems/ruby-1.9.2-p180@rails3/gems/actionpack-3.0.7/lib/action_dispatch/middleware/templates/rescues/_trace.erb (0.9ms)
Rendered /Users/wayne/.rvm/gems/ruby-1.9.2-p180@rails3/gems/actionpack-3.0.7/lib/action_dispatch/middleware/templates/rescues/_request_and_response.erb (2.4ms)
Rendered /Users/wayne/.rvm/gems/ruby-1.9.2-p180@rails3/gems/actionpack-3.0.7/lib/action_dispatch/middleware/templates/rescues/diagnostics.erb within rescues/layout (7.4ms)


Started GET "/wisp/field_status" for 127.0.0.1 at 2011-06-23 14:53:04 -0500
  Processing by WispController#field_status as HTML
  [1m[35mUser Load (0.2ms)[0m  SELECT "users".* FROM "users" WHERE "users"."id" = 1 LIMIT 1
  [1m[36mGroup Load (0.2ms)[0m  [1mSELECT "groups".* FROM "groups" INNER JOIN "memberships" ON "groups".id = "memberships".group_id WHERE (("memberships".user_id = 1))[0m
Completed   in 75ms

RuntimeError (NO current group: session {"session_id"=>"b9e784c5b0ac8bc38c9dcb7da621d58b", "user_id"=>1}):
  app/controllers/application_controller.rb:13:in `get_current_ids'

Rendered /Users/wayne/.rvm/gems/ruby-1.9.2-p180@rails3/gems/actionpack-3.0.7/lib/action_dispatch/middleware/templates/rescues/_trace.erb (1.0ms)
Rendered /Users/wayne/.rvm/gems/ruby-1.9.2-p180@rails3/gems/actionpack-3.0.7/lib/action_dispatch/middleware/templates/rescues/_request_and_response.erb (2.4ms)
Rendered /Users/wayne/.rvm/gems/ruby-1.9.2-p180@rails3/gems/actionpack-3.0.7/lib/action_dispatch/middleware/templates/rescues/diagnostics.erb within rescues/layout (7.5ms)


Started GET "/wisp/field_status" for 127.0.0.1 at 2011-06-23 14:54:36 -0500
  Processing by WispController#field_status as HTML
  [1m[35mUser Load (0.2ms)[0m  SELECT "users".* FROM "users" WHERE "users"."id" = 1 LIMIT 1
  [1m[36mGroup Load (0.2ms)[0m  [1mSELECT "groups".* FROM "groups" INNER JOIN "memberships" ON "groups".id = "memberships".group_id WHERE (("memberships".user_id = 1))[0m
Completed   in 71ms

RuntimeError (NO current group):
  app/controllers/application_controller.rb:13:in `get_current_ids'

Rendered /Users/wayne/.rvm/gems/ruby-1.9.2-p180@rails3/gems/actionpack-3.0.7/lib/action_dispatch/middleware/templates/rescues/_trace.erb (0.8ms)
Rendered /Users/wayne/.rvm/gems/ruby-1.9.2-p180@rails3/gems/actionpack-3.0.7/lib/action_dispatch/middleware/templates/rescues/_request_and_response.erb (2.1ms)
Rendered /Users/wayne/.rvm/gems/ruby-1.9.2-p180@rails3/gems/actionpack-3.0.7/lib/action_dispatch/middleware/templates/rescues/diagnostics.erb within rescues/layout (7.1ms)
DEPRECATION WARNING: You are using the old router DSL which will be removed in Rails 3.1. Please check how to update your routes file at: http://www.engineyard.com/blog/2010/the-lowdown-on-routes-in-rails-3/. (called from <top (required)> at /Users/wayne/Documents/uwex_agwx_rails3/rails-app/config/routes.rb:1)


Started GET "/wisp/field_status" for 127.0.0.1 at 2011-06-23 14:56:37 -0500
  Processing by WispController#field_status as HTML
  [1m[36mSQL (0.7ms)[0m  [1m SELECT name
 FROM sqlite_master
 WHERE type = 'table' AND NOT name = 'sqlite_sequence'
[0m
  [1m[35mUser Load (0.2ms)[0m  SELECT "users".* FROM "users" WHERE "users"."id" = 1 LIMIT 1
  [1m[36mGroup Load (0.2ms)[0m  [1mSELECT "groups".* FROM "groups" INNER JOIN "memberships" ON "groups".id = "memberships".group_id WHERE (("memberships".user_id = 1))[0m
Completed   in 151ms

RuntimeError (NO current group):
  app/controllers/application_controller.rb:13:in `get_current_ids'

Rendered /Users/wayne/.rvm/gems/ruby-1.9.2-p180@rails3/gems/actionpack-3.0.7/lib/action_dispatch/middleware/templates/rescues/_trace.erb (0.9ms)
Rendered /Users/wayne/.rvm/gems/ruby-1.9.2-p180@rails3/gems/actionpack-3.0.7/lib/action_dispatch/middleware/templates/rescues/_request_and_response.erb (2.2ms)
Rendered /Users/wayne/.rvm/gems/ruby-1.9.2-p180@rails3/gems/actionpack-3.0.7/lib/action_dispatch/middleware/templates/rescues/diagnostics.erb within rescues/layout (7.3ms)
DEPRECATION WARNING: You are using the old router DSL which will be removed in Rails 3.1. Please check how to update your routes file at: http://www.engineyard.com/blog/2010/the-lowdown-on-routes-in-rails-3/. (called from <top (required)> at /Users/wayne/Documents/uwex_agwx_rails3/rails-app/config/routes.rb:1)


Started GET "/wisp/field_status" for 127.0.0.1 at 2011-06-23 14:58:01 -0500
  Processing by WispController#field_status as HTML
  [1m[36mSQL (0.7ms)[0m  [1m SELECT name
 FROM sqlite_master
 WHERE type = 'table' AND NOT name = 'sqlite_sequence'
[0m
  [1m[35mUser Load (0.2ms)[0m  SELECT "users".* FROM "users" WHERE "users"."id" = 1 LIMIT 1
  [1m[36mGroup Load (0.2ms)[0m  [1mSELECT "groups".* FROM "groups" INNER JOIN "memberships" ON "groups".id = "memberships".group_id WHERE (("memberships".user_id = 1))[0m
Completed   in 152ms

RuntimeError (NO current group):
  app/controllers/application_controller.rb:13:in `get_current_ids'

Rendered /Users/wayne/.rvm/gems/ruby-1.9.2-p180@rails3/gems/actionpack-3.0.7/lib/action_dispatch/middleware/templates/rescues/_trace.erb (0.8ms)
Rendered /Users/wayne/.rvm/gems/ruby-1.9.2-p180@rails3/gems/actionpack-3.0.7/lib/action_dispatch/middleware/templates/rescues/_request_and_response.erb (2.3ms)
Rendered /Users/wayne/.rvm/gems/ruby-1.9.2-p180@rails3/gems/actionpack-3.0.7/lib/action_dispatch/middleware/templates/rescues/diagnostics.erb within rescues/layout (7.2ms)


Started GET "/wisp/field_status" for 127.0.0.1 at 2011-06-23 14:59:02 -0500
  Processing by WispController#field_status as HTML
  [1m[35mUser Load (0.2ms)[0m  SELECT "users".* FROM "users" WHERE "users"."id" = 1 LIMIT 1
  [1m[36mGroup Load (0.2ms)[0m  [1mSELECT "groups".* FROM "groups" INNER JOIN "memberships" ON "groups".id = "memberships".group_id WHERE (("memberships".user_id = 1))[0m
Completed   in 82ms

RuntimeError (NO current group):
  app/controllers/application_controller.rb:14:in `get_current_ids'

Rendered /Users/wayne/.rvm/gems/ruby-1.9.2-p180@rails3/gems/actionpack-3.0.7/lib/action_dispatch/middleware/templates/rescues/_trace.erb (0.9ms)
Rendered /Users/wayne/.rvm/gems/ruby-1.9.2-p180@rails3/gems/actionpack-3.0.7/lib/action_dispatch/middleware/templates/rescues/_request_and_response.erb (2.2ms)
Rendered /Users/wayne/.rvm/gems/ruby-1.9.2-p180@rails3/gems/actionpack-3.0.7/lib/action_dispatch/middleware/templates/rescues/diagnostics.erb within rescues/layout (7.1ms)


Started GET "/wisp/field_status" for 127.0.0.1 at 2011-06-23 15:04:07 -0500
  Processing by WispController#field_status as HTML
  [1m[35mUser Load (0.2ms)[0m  SELECT "users".* FROM "users" WHERE "users"."id" = 1 LIMIT 1
  [1m[36mGroup Load (0.2ms)[0m  [1mSELECT "groups".* FROM "groups" INNER JOIN "memberships" ON "groups".id = "memberships".group_id WHERE (("memberships".user_id = 1))[0m
Completed   in 73ms

RuntimeError (NO current group):
  app/controllers/application_controller.rb:15:in `get_current_ids'

Rendered /Users/wayne/.rvm/gems/ruby-1.9.2-p180@rails3/gems/actionpack-3.0.7/lib/action_dispatch/middleware/templates/rescues/_trace.erb (0.9ms)
Rendered /Users/wayne/.rvm/gems/ruby-1.9.2-p180@rails3/gems/actionpack-3.0.7/lib/action_dispatch/middleware/templates/rescues/_request_and_response.erb (2.4ms)
Rendered /Users/wayne/.rvm/gems/ruby-1.9.2-p180@rails3/gems/actionpack-3.0.7/lib/action_dispatch/middleware/templates/rescues/diagnostics.erb within rescues/layout (7.5ms)


Started GET "/wisp/field_status" for 127.0.0.1 at 2011-06-23 15:04:38 -0500
  Processing by WispController#field_status as HTML
  [1m[35mUser Load (0.3ms)[0m  SELECT "users".* FROM "users" WHERE "users"."id" = 1 LIMIT 1
  [1m[36mGroup Load (0.2ms)[0m  [1mSELECT "groups".* FROM "groups" INNER JOIN "memberships" ON "groups".id = "memberships".group_id WHERE (("memberships".user_id = 1))[0m
Completed   in 72ms

RuntimeError (NO current group):
  app/controllers/application_controller.rb:15:in `get_current_ids'

Rendered /Users/wayne/.rvm/gems/ruby-1.9.2-p180@rails3/gems/actionpack-3.0.7/lib/action_dispatch/middleware/templates/rescues/_trace.erb (0.9ms)
Rendered /Users/wayne/.rvm/gems/ruby-1.9.2-p180@rails3/gems/actionpack-3.0.7/lib/action_dispatch/middleware/templates/rescues/_request_and_response.erb (2.4ms)
Rendered /Users/wayne/.rvm/gems/ruby-1.9.2-p180@rails3/gems/actionpack-3.0.7/lib/action_dispatch/middleware/templates/rescues/diagnostics.erb within rescues/layout (7.9ms)


Started GET "/wisp/field_status" for 127.0.0.1 at 2011-06-23 15:06:29 -0500
  Processing by WispController#field_status as HTML
  [1m[35mUser Load (0.2ms)[0m  SELECT "users".* FROM "users" WHERE "users"."id" = 1 LIMIT 1
  [1m[36mGroup Load (0.3ms)[0m  [1mSELECT "groups".* FROM "groups" INNER JOIN "memberships" ON "groups".id = "memberships".group_id WHERE (("memberships".user_id = 1))[0m
Completed   in 42ms

RuntimeError (NO current group):
  app/controllers/application_controller.rb:15:in `get_current_ids'

Rendered /Users/wayne/.rvm/gems/ruby-1.9.2-p180@rails3/gems/actionpack-3.0.7/lib/action_dispatch/middleware/templates/rescues/_trace.erb (0.9ms)
Rendered /Users/wayne/.rvm/gems/ruby-1.9.2-p180@rails3/gems/actionpack-3.0.7/lib/action_dispatch/middleware/templates/rescues/_request_and_response.erb (2.3ms)
Rendered /Users/wayne/.rvm/gems/ruby-1.9.2-p180@rails3/gems/actionpack-3.0.7/lib/action_dispatch/middleware/templates/rescues/diagnostics.erb within rescues/layout (7.2ms)


Started GET "/wisp/field_status" for 127.0.0.1 at 2011-06-23 15:06:37 -0500
  Processing by WispController#field_status as HTML
  [1m[35mUser Load (0.2ms)[0m  SELECT "users".* FROM "users" WHERE "users"."id" = 1 LIMIT 1
  [1m[36mGroup Load (0.2ms)[0m  [1mSELECT "groups".* FROM "groups" INNER JOIN "memberships" ON "groups".id = "memberships".group_id WHERE (("memberships".user_id = 1))[0m
Completed   in 74ms

RuntimeError (NO current group):
  app/controllers/application_controller.rb:15:in `get_current_ids'

Rendered /Users/wayne/.rvm/gems/ruby-1.9.2-p180@rails3/gems/actionpack-3.0.7/lib/action_dispatch/middleware/templates/rescues/_trace.erb (0.8ms)
Rendered /Users/wayne/.rvm/gems/ruby-1.9.2-p180@rails3/gems/actionpack-3.0.7/lib/action_dispatch/middleware/templates/rescues/_request_and_response.erb (2.1ms)
Rendered /Users/wayne/.rvm/gems/ruby-1.9.2-p180@rails3/gems/actionpack-3.0.7/lib/action_dispatch/middleware/templates/rescues/diagnostics.erb within rescues/layout (7.0ms)


Started GET "/wisp/field_status" for 127.0.0.1 at 2011-06-23 15:07:52 -0500
  Processing by WispController#field_status as HTML
  [1m[35mUser Load (0.2ms)[0m  SELECT "users".* FROM "users" WHERE "users"."id" = 1 LIMIT 1
  [1m[36mGroup Load (0.2ms)[0m  [1mSELECT "groups".* FROM "groups" INNER JOIN "memberships" ON "groups".id = "memberships".group_id WHERE (("memberships".user_id = 1))[0m
Completed   in 73ms

RuntimeError (NO current group):
  app/controllers/application_controller.rb:15:in `get_current_ids'

Rendered /Users/wayne/.rvm/gems/ruby-1.9.2-p180@rails3/gems/actionpack-3.0.7/lib/action_dispatch/middleware/templates/rescues/_trace.erb (0.8ms)
Rendered /Users/wayne/.rvm/gems/ruby-1.9.2-p180@rails3/gems/actionpack-3.0.7/lib/action_dispatch/middleware/templates/rescues/_request_and_response.erb (2.2ms)
Rendered /Users/wayne/.rvm/gems/ruby-1.9.2-p180@rails3/gems/actionpack-3.0.7/lib/action_dispatch/middleware/templates/rescues/diagnostics.erb within rescues/layout (7.0ms)


Started GET "/wisp/field_status" for 127.0.0.1 at 2011-06-23 15:09:01 -0500
  Processing by WispController#field_status as HTML
  [1m[35mUser Load (0.2ms)[0m  SELECT "users".* FROM "users" WHERE "users"."id" = 1 LIMIT 1
  [1m[36mGroup Load (0.2ms)[0m  [1mSELECT "groups".* FROM "groups" INNER JOIN "memberships" ON "groups".id = "memberships".group_id WHERE (("memberships".user_id = 1))[0m
Completed   in 73ms

RuntimeError (NO current group):
  app/controllers/application_controller.rb:13:in `get_current_ids'

Rendered /Users/wayne/.rvm/gems/ruby-1.9.2-p180@rails3/gems/actionpack-3.0.7/lib/action_dispatch/middleware/templates/rescues/_trace.erb (0.8ms)
Rendered /Users/wayne/.rvm/gems/ruby-1.9.2-p180@rails3/gems/actionpack-3.0.7/lib/action_dispatch/middleware/templates/rescues/_request_and_response.erb (2.6ms)
Rendered /Users/wayne/.rvm/gems/ruby-1.9.2-p180@rails3/gems/actionpack-3.0.7/lib/action_dispatch/middleware/templates/rescues/diagnostics.erb within rescues/layout (7.5ms)
DEPRECATION WARNING: You are using the old router DSL which will be removed in Rails 3.1. Please check how to update your routes file at: http://www.engineyard.com/blog/2010/the-lowdown-on-routes-in-rails-3/. (called from <top (required)> at /Users/wayne/Documents/uwex_agwx_rails3/rails-app/config/routes.rb:1)
  [1m[36mSQL (0.7ms)[0m  [1m SELECT name
 FROM sqlite_master
 WHERE type = 'table' AND NOT name = 'sqlite_sequence'
[0m
  [1m[35mSQL (0.2ms)[0m   SELECT name
 FROM sqlite_master
 WHERE type = 'table' AND NOT name = 'sqlite_sequence'
  [1m[36mSQL (0.1ms)[0m  [1mSELECT "schema_migrations"."version" FROM "schema_migrations"[0m
WARNING: Can't mass-assign protected attributes: type
  [1m[35mAREL (0.4ms)[0m  INSERT INTO "et_methods" ("name", "description", "type", "created_at", "updated_at") VALUES ('Percent Cover', 'Uses regressions derived with WI A3600 tables', NULL, '2011-06-23 20:12:47.209819', '2011-06-23 20:12:47.209819')
WARNING: Can't mass-assign protected attributes: type
  [1m[36mAREL (0.2ms)[0m  [1mINSERT INTO "et_methods" ("name", "description", "type", "created_at", "updated_at") VALUES ('Leaf Area Index', 'Uses LAI measurements and to derive a crop coefficient', NULL, '2011-06-23 20:12:47.297764', '2011-06-23 20:12:47.297764')[0m
WARNING: Can't mass-assign protected attributes: id
  [1m[35mAREL (0.3ms)[0m  INSERT INTO "users" ("email", "first_name", "last_name", "identifier_url", "created_at", "updated_at") VALUES ('anonymous@mailinator.com', 'Anonymous', 'User', NULL, '2011-06-23 20:12:47.315074', '2011-06-23 20:12:47.315074')
WARNING: Can't mass-assign protected attributes: id
  [1m[36mAREL (0.3ms)[0m  [1mINSERT INTO "groups" ("description", "created_at", "updated_at") VALUES ('Default Group', '2011-06-23 20:12:47.364927', '2011-06-23 20:12:47.364927')[0m
WARNING: Can't mass-assign protected attributes: id
  [1m[35mAREL (0.3ms)[0m  INSERT INTO "memberships" ("group_id", "user_id", "is_admin", "created_at", "updated_at") VALUES (642076160, 868534033, 't', '2011-06-23 20:12:47.384607', '2011-06-23 20:12:47.384607')
WARNING: Can't mass-assign protected attributes: id
  [1m[36mAREL (0.3ms)[0m  [1mINSERT INTO "farms" ("group_id", "name", "et_method_id", "notes", "created_at", "updated_at") VALUES (642076160, 'Default Farm', NULL, NULL, '2011-06-23 20:12:47.403238', '2011-06-23 20:12:47.403238')[0m
WARNING: Can't mass-assign protected attributes: id
  [1m[35mAREL (0.3ms)[0m  INSERT INTO "pivots" ("farm_id", "name", "latitude", "longitude", "equipment", "pump_capacity", "some_energy_rate_metric", "cropping_year", "notes", "created_at", "updated_at") VALUES (948215113, 'Default Pivot', NULL, NULL, NULL, NULL, NULL, NULL, NULL, '2011-06-23 20:12:47.457519', '2011-06-23 20:12:47.457519')
WARNING: Can't mass-assign protected attributes: id
  [1m[36mAREL (0.4ms)[0m  [1mINSERT INTO "fields" ("name", "soil_type", "area", "field_capacity", "perm_wilting_pt", "pivot_id", "ref_et_station_id", "rain_station_id", "soil_moisture_station_id", "notes", "created_at", "updated_at") VALUES ('Default Field', NULL, NULL, NULL, NULL, 980190963, NULL, NULL, NULL, NULL, '2011-06-23 20:12:47.487873', '2011-06-23 20:12:47.487873')[0m
DEPRECATION WARNING: You are using the old router DSL which will be removed in Rails 3.1. Please check how to update your routes file at: http://www.engineyard.com/blog/2010/the-lowdown-on-routes-in-rails-3/. (called from <top (required)> at /Users/wayne/Documents/uwex_agwx_rails3/rails-app/config/routes.rb:1)


Started GET "/wisp/field_status" for 127.0.0.1 at 2011-06-23 15:12:56 -0500
  Processing by WispController#field_status as HTML
  [1m[36mSQL (0.7ms)[0m  [1m SELECT name
 FROM sqlite_master
 WHERE type = 'table' AND NOT name = 'sqlite_sequence'
[0m
  [1m[35mUser Load (0.2ms)[0m  SELECT "users".* FROM "users" WHERE "users"."id" = 1 LIMIT 1
  [1m[36mGroup Load (0.2ms)[0m  [1mSELECT "groups".* FROM "groups" INNER JOIN "memberships" ON "groups".id = "memberships".group_id WHERE (("memberships".user_id = 1))[0m
Completed   in 160ms

RuntimeError (NO current group):
  app/controllers/application_controller.rb:13:in `get_current_ids'

Rendered /Users/wayne/.rvm/gems/ruby-1.9.2-p180@rails3/gems/actionpack-3.0.7/lib/action_dispatch/middleware/templates/rescues/_trace.erb (0.8ms)
Rendered /Users/wayne/.rvm/gems/ruby-1.9.2-p180@rails3/gems/actionpack-3.0.7/lib/action_dispatch/middleware/templates/rescues/_request_and_response.erb (2.3ms)
Rendered /Users/wayne/.rvm/gems/ruby-1.9.2-p180@rails3/gems/actionpack-3.0.7/lib/action_dispatch/middleware/templates/rescues/diagnostics.erb within rescues/layout (7.2ms)
DEPRECATION WARNING: You are using the old router DSL which will be removed in Rails 3.1. Please check how to update your routes file at: http://www.engineyard.com/blog/2010/the-lowdown-on-routes-in-rails-3/. (called from <top (required)> at /Users/wayne/Documents/uwex_agwx_rails3/rails-app/config/routes.rb:1)
  [1m[36mSQL (0.6ms)[0m  [1m SELECT name
 FROM sqlite_master
 WHERE type = 'table' AND NOT name = 'sqlite_sequence'
[0m
  [1m[35mUser Load (0.2ms)[0m  SELECT "users".* FROM "users" WHERE "users"."id" = 1 LIMIT 1
  [1m[36mMembership Load (0.2ms)[0m  [1mSELECT "memberships".* FROM "memberships" WHERE ("memberships".user_id = 1)[0m
  [1m[35mMembership Load (0.5ms)[0m  SELECT "memberships".* FROM "memberships"
  [1m[36mGroup Load (0.3ms)[0m  [1mSELECT "groups".* FROM "groups"[0m
DEPRECATION WARNING: You are using the old router DSL which will be removed in Rails 3.1. Please check how to update your routes file at: http://www.engineyard.com/blog/2010/the-lowdown-on-routes-in-rails-3/. (called from <top (required)> at /Users/wayne/Documents/uwex_agwx_rails3/rails-app/config/routes.rb:1)
  [1m[36mSQL (0.3ms)[0m  [1m SELECT name
 FROM sqlite_master
 WHERE type = 'table' AND NOT name = 'sqlite_sequence'
[0m
  [1m[35mSQL (0.1ms)[0m  select sqlite_version(*)
  [1m[36mSQL (51.8ms)[0m  [1mCREATE TABLE "schema_migrations" ("version" varchar(255) NOT NULL) [0m
  [1m[35mSQL (0.1ms)[0m  PRAGMA index_list("schema_migrations")
  [1m[36mSQL (2.2ms)[0m  [1mCREATE UNIQUE INDEX "unique_schema_migrations" ON "schema_migrations" ("version")[0m
  [1m[35mSQL (0.1ms)[0m   SELECT name
 FROM sqlite_master
 WHERE type = 'table' AND NOT name = 'sqlite_sequence'
  [1m[36mSQL (0.1ms)[0m  [1m SELECT name
 FROM sqlite_master
 WHERE type = 'table' AND NOT name = 'sqlite_sequence'
[0m
  [1m[35mSQL (0.1ms)[0m  SELECT "schema_migrations"."version" FROM "schema_migrations"
Migrating to CreateBlogs (20100615162125)
  [1m[36mSQL (0.4ms)[0m  [1mCREATE TABLE "blogs" ("id" INTEGER PRIMARY KEY AUTOINCREMENT NOT NULL, "date" date, "content" text, "created_at" datetime, "updated_at" datetime) [0m
  [1m[35mSQL (0.1ms)[0m  INSERT INTO "schema_migrations" ("version") VALUES ('20100615162125')
Migrating to CreateUsers (20110520200124)
  [1m[36mSQL (0.3ms)[0m  [1mCREATE TABLE "users" ("id" INTEGER PRIMARY KEY AUTOINCREMENT NOT NULL, "email" varchar(255), "first_name" varchar(255), "last_name" varchar(255), "identifier_url" varchar(255), "created_at" datetime, "updated_at" datetime) [0m
  [1m[35mSQL (0.1ms)[0m  INSERT INTO "schema_migrations" ("version") VALUES ('20110520200124')
Migrating to CreateGroups (20110520200126)
  [1m[36mSQL (0.2ms)[0m  [1mCREATE TABLE "groups" ("id" INTEGER PRIMARY KEY AUTOINCREMENT NOT NULL, "description" varchar(255), "created_at" datetime, "updated_at" datetime) [0m
  [1m[35mSQL (0.1ms)[0m  INSERT INTO "schema_migrations" ("version") VALUES ('20110520200126')
Migrating to CreateMemberships (20110520200129)
  [1m[36mSQL (0.3ms)[0m  [1mCREATE TABLE "memberships" ("id" INTEGER PRIMARY KEY AUTOINCREMENT NOT NULL, "group_id" integer, "user_id" integer, "is_admin" boolean, "created_at" datetime, "updated_at" datetime) [0m
  [1m[35mSQL (0.1ms)[0m  INSERT INTO "schema_migrations" ("version") VALUES ('20110520200129')
Migrating to CreateFarms (20110520200132)
  [1m[36mSQL (0.3ms)[0m  [1mCREATE TABLE "farms" ("id" INTEGER PRIMARY KEY AUTOINCREMENT NOT NULL, "group_id" integer, "name" varchar(255), "et_method_id" integer, "notes" varchar(255), "created_at" datetime, "updated_at" datetime) [0m
  [1m[35mSQL (0.1ms)[0m  INSERT INTO "schema_migrations" ("version") VALUES ('20110520200132')
Migrating to CreatePivots (20110520200134)
  [1m[36mSQL (0.6ms)[0m  [1mCREATE TABLE "pivots" ("id" INTEGER PRIMARY KEY AUTOINCREMENT NOT NULL, "farm_id" integer, "name" varchar(255), "latitude" float, "longitude" float, "equipment" varchar(255), "pump_capacity" float, "some_energy_rate_metric" float, "cropping_year" integer, "notes" varchar(255), "created_at" datetime, "updated_at" datetime) [0m
  [1m[35mSQL (0.1ms)[0m  INSERT INTO "schema_migrations" ("version") VALUES ('20110520200134')
Migrating to CreateIrrigationEvents (20110520200137)
  [1m[36mSQL (0.4ms)[0m  [1mCREATE TABLE "irrigation_events" ("id" INTEGER PRIMARY KEY AUTOINCREMENT NOT NULL, "pivot_id" integer, "inches_applied" float, "run_time" float, "total_volume" float, "created_at" datetime, "updated_at" datetime) [0m
  [1m[35mSQL (0.1ms)[0m  INSERT INTO "schema_migrations" ("version") VALUES ('20110520200137')
Migrating to CreateFields (20110520200140)
  [1m[36mSQL (0.3ms)[0m  [1mCREATE TABLE "fields" ("id" INTEGER PRIMARY KEY AUTOINCREMENT NOT NULL, "name" varchar(255), "soil_type" integer, "area" float, "field_capacity" float, "perm_wilting_pt" float, "pivot_id" integer, "ref_et_station_id" integer, "rain_station_id" integer, "soil_moisture_station_id" integer, "notes" varchar(255), "created_at" datetime, "updated_at" datetime) [0m
  [1m[35mSQL (0.1ms)[0m  INSERT INTO "schema_migrations" ("version") VALUES ('20110520200140')
Migrating to CreateCrops (20110520200143)
  [1m[36mSQL (0.5ms)[0m  [1mCREATE TABLE "crops" ("id" INTEGER PRIMARY KEY AUTOINCREMENT NOT NULL, "field_id" integer, "crop" varchar(255), "variety" varchar(255), "emergence_date" datetime, "end_date" datetime, "harvest_or_kill_date" datetime, "max_root_zone_depth" float, "max_allowable_depletion_frac" float, "max_allowable_depletion_inches" float, "notes" varchar(255), "created_at" datetime, "updated_at" datetime) [0m
  [1m[35mSQL (0.1ms)[0m  INSERT INTO "schema_migrations" ("version") VALUES ('20110520200143')
Migrating to CreateWeatherStations (20110520200149)
  [1m[36mSQL (0.3ms)[0m  [1mCREATE TABLE "weather_stations" ("id" INTEGER PRIMARY KEY AUTOINCREMENT NOT NULL, "group_id" integer, "name" varchar(255), "location" varchar(255), "notes" varchar(255), "created_at" datetime, "updated_at" datetime) [0m
  [1m[35mSQL (0.1ms)[0m  INSERT INTO "schema_migrations" ("version") VALUES ('20110520200149')
Migrating to CreateWeatherStationData (20110520200152)
  [1m[36mSQL (0.3ms)[0m  [1mCREATE TABLE "weather_station_data" ("id" INTEGER PRIMARY KEY AUTOINCREMENT NOT NULL, "station_id" integer, "date" datetime, "ref_et" float, "rainfall" float, "soil_moisture" float, "notes" varchar(255), "created_at" datetime, "updated_at" datetime) [0m
  [1m[35mSQL (0.1ms)[0m  INSERT INTO "schema_migrations" ("version") VALUES ('20110520200152')
Migrating to CreateFieldDailyWeather (20110520210045)
  [1m[36mSQL (0.4ms)[0m  [1mCREATE TABLE "field_daily_weather" ("id" INTEGER PRIMARY KEY AUTOINCREMENT NOT NULL, "field_id" integer, "date" datetime, "ref_et" float, "adj_et" float, "rain" float, "irrigation" float, "entered_pct_moisture" float, "entered_pct_cover" float, "entered_leaf_area_index" float, "calculated_pct_moisture" float, "ad" float, "deep_drainage" float, "notes" varchar(255), "created_at" datetime, "updated_at" datetime) [0m
  [1m[35mSQL (0.1ms)[0m  INSERT INTO "schema_migrations" ("version") VALUES ('20110520210045')
Migrating to CreateEtMethods (20110531234143)
  [1m[36mSQL (0.4ms)[0m  [1mCREATE TABLE "et_methods" ("id" INTEGER PRIMARY KEY AUTOINCREMENT NOT NULL, "name" varchar(255), "description" varchar(255), "type" varchar(255), "created_at" datetime, "updated_at" datetime) [0m
  [1m[35mSQL (0.1ms)[0m  INSERT INTO "schema_migrations" ("version") VALUES ('20110531234143')
  [1m[36mSQL (0.3ms)[0m  [1m SELECT name
 FROM sqlite_master
 WHERE type = 'table' AND NOT name = 'sqlite_sequence'
[0m
  [1m[35mSQL (0.2ms)[0m  SELECT "schema_migrations"."version" FROM "schema_migrations"
  [1m[36mSQL (0.2ms)[0m  [1m SELECT name
 FROM sqlite_master
 WHERE type = 'table' AND NOT name = 'sqlite_sequence'
[0m
  [1m[35mSQL (0.0ms)[0m  PRAGMA index_list("blogs")
  [1m[36mSQL (0.0ms)[0m  [1mPRAGMA index_list("crops")[0m
  [1m[35mSQL (0.0ms)[0m  PRAGMA index_list("et_methods")
  [1m[36mSQL (0.0ms)[0m  [1mPRAGMA index_list("farms")[0m
  [1m[35mSQL (0.0ms)[0m  PRAGMA index_list("field_daily_weather")
  [1m[36mSQL (0.0ms)[0m  [1mPRAGMA index_list("fields")[0m
  [1m[35mSQL (0.1ms)[0m  PRAGMA index_list("groups")
  [1m[36mSQL (0.0ms)[0m  [1mPRAGMA index_list("irrigation_events")[0m
  [1m[35mSQL (0.0ms)[0m  PRAGMA index_list("memberships")
  [1m[36mSQL (0.0ms)[0m  [1mPRAGMA index_list("pivots")[0m
  [1m[35mSQL (0.0ms)[0m  PRAGMA index_list("users")
  [1m[36mSQL (0.0ms)[0m  [1mPRAGMA index_list("weather_station_data")[0m
  [1m[35mSQL (0.0ms)[0m  PRAGMA index_list("weather_stations")
DEPRECATION WARNING: You are using the old router DSL which will be removed in Rails 3.1. Please check how to update your routes file at: http://www.engineyard.com/blog/2010/the-lowdown-on-routes-in-rails-3/. (called from <top (required)> at /Users/wayne/Documents/uwex_agwx_rails3/rails-app/config/routes.rb:1)
  [1m[36mSQL (1.1ms)[0m  [1m SELECT name
 FROM sqlite_master
 WHERE type = 'table' AND NOT name = 'sqlite_sequence'
[0m
  [1m[35mSQL (0.2ms)[0m   SELECT name
 FROM sqlite_master
 WHERE type = 'table' AND NOT name = 'sqlite_sequence'
  [1m[36mSQL (0.2ms)[0m  [1mSELECT "schema_migrations"."version" FROM "schema_migrations"[0m
WARNING: Can't mass-assign protected attributes: type
  [1m[35mAREL (0.4ms)[0m  INSERT INTO "et_methods" ("name", "description", "type", "created_at", "updated_at") VALUES ('Percent Cover', 'Uses regressions derived with WI A3600 tables', NULL, '2011-06-23 20:15:33.658251', '2011-06-23 20:15:33.658251')
WARNING: Can't mass-assign protected attributes: type
  [1m[36mAREL (0.2ms)[0m  [1mINSERT INTO "et_methods" ("name", "description", "type", "created_at", "updated_at") VALUES ('Leaf Area Index', 'Uses LAI measurements and to derive a crop coefficient', NULL, '2011-06-23 20:15:33.798263', '2011-06-23 20:15:33.798263')[0m
WARNING: Can't mass-assign protected attributes: id
  [1m[35mAREL (0.3ms)[0m  INSERT INTO "users" ("email", "first_name", "last_name", "identifier_url", "created_at", "updated_at") VALUES ('anonymous@mailinator.com', 'Anonymous', 'User', NULL, '2011-06-23 20:15:33.815803', '2011-06-23 20:15:33.815803')
WARNING: Can't mass-assign protected attributes: id
  [1m[36mAREL (0.3ms)[0m  [1mINSERT INTO "groups" ("description", "created_at", "updated_at") VALUES ('Default Group', '2011-06-23 20:15:33.866317', '2011-06-23 20:15:33.866317')[0m
WARNING: Can't mass-assign protected attributes: id
  [1m[35mAREL (0.3ms)[0m  INSERT INTO "memberships" ("group_id", "user_id", "is_admin", "created_at", "updated_at") VALUES (1, 1, 't', '2011-06-23 20:15:33.887638', '2011-06-23 20:15:33.887638')
WARNING: Can't mass-assign protected attributes: id
  [1m[36mAREL (0.3ms)[0m  [1mINSERT INTO "farms" ("group_id", "name", "et_method_id", "notes", "created_at", "updated_at") VALUES (1, 'Default Farm', NULL, NULL, '2011-06-23 20:15:33.907778', '2011-06-23 20:15:33.907778')[0m
WARNING: Can't mass-assign protected attributes: id
  [1m[35mAREL (0.4ms)[0m  INSERT INTO "pivots" ("farm_id", "name", "latitude", "longitude", "equipment", "pump_capacity", "some_energy_rate_metric", "cropping_year", "notes", "created_at", "updated_at") VALUES (1, 'Default Pivot', NULL, NULL, NULL, NULL, NULL, NULL, NULL, '2011-06-23 20:15:33.964646', '2011-06-23 20:15:33.964646')
WARNING: Can't mass-assign protected attributes: id
  [1m[36mAREL (0.4ms)[0m  [1mINSERT INTO "fields" ("name", "soil_type", "area", "field_capacity", "perm_wilting_pt", "pivot_id", "ref_et_station_id", "rain_station_id", "soil_moisture_station_id", "notes", "created_at", "updated_at") VALUES ('Default Field', NULL, NULL, NULL, NULL, 1, NULL, NULL, NULL, NULL, '2011-06-23 20:15:33.994487', '2011-06-23 20:15:33.994487')[0m
DEPRECATION WARNING: You are using the old router DSL which will be removed in Rails 3.1. Please check how to update your routes file at: http://www.engineyard.com/blog/2010/the-lowdown-on-routes-in-rails-3/. (called from <top (required)> at /Users/wayne/Documents/uwex_agwx_rails3/rails-app/config/routes.rb:1)
  [1m[36mUser Load (0.7ms)[0m  [1mSELECT "users".* FROM "users"[0m
  [1m[35mGroup Load (0.2ms)[0m  SELECT "groups".* FROM "groups"
  [1m[36mMembership Load (0.3ms)[0m  [1mSELECT "memberships".* FROM "memberships"[0m
DEPRECATION WARNING: You are using the old router DSL which will be removed in Rails 3.1. Please check how to update your routes file at: http://www.engineyard.com/blog/2010/the-lowdown-on-routes-in-rails-3/. (called from <top (required)> at /Users/wayne/Documents/uwex_agwx_rails3/rails-app/config/routes.rb:1)


Started GET "/wisp/field_status" for 127.0.0.1 at 2011-06-23 15:16:10 -0500
  Processing by WispController#field_status as HTML
  [1m[36mSQL (0.7ms)[0m  [1m SELECT name
 FROM sqlite_master
 WHERE type = 'table' AND NOT name = 'sqlite_sequence'
[0m
  [1m[35mUser Load (0.2ms)[0m  SELECT "users".* FROM "users" WHERE "users"."id" = 1 LIMIT 1
  [1m[36mGroup Load (0.3ms)[0m  [1mSELECT "groups".* FROM "groups" INNER JOIN "memberships" ON "groups".id = "memberships".group_id WHERE (("memberships".user_id = 1))[0m
  [1m[35mFarm Load (0.4ms)[0m  SELECT "farms".* FROM "farms" WHERE (group_id = 1)
  [1m[36mFarm Load (0.3ms)[0m  [1mSELECT "farms".* FROM "farms" WHERE "farms"."id" = 1 LIMIT 1[0m
  [1m[35mPivot Load (0.9ms)[0m  SELECT "pivots".* FROM "pivots" WHERE ("pivots".farm_id = 1) LIMIT 1
  [1m[36mPivot Load (0.8ms)[0m  [1mSELECT "pivots".* FROM "pivots" WHERE "pivots"."id" = 1 LIMIT 1[0m
  [1m[35mField Load (0.9ms)[0m  SELECT "fields".* FROM "fields" WHERE ("fields".pivot_id = 1) LIMIT 1
  [1m[36mCACHE (0.0ms)[0m  [1mSELECT "farms".* FROM "farms" WHERE "farms"."id" = 1 LIMIT 1[0m
  [1m[35mCACHE (0.0ms)[0m  SELECT "pivots".* FROM "pivots" WHERE "pivots"."id" = 1 LIMIT 1
  [1m[36mField Load (1.0ms)[0m  [1mSELECT "fields".* FROM "fields" WHERE "fields"."id" = 1 LIMIT 1[0m
#<Farm:0x000001046aa338>
1
1
Rendered wisp/_sidebar.html.erb (2.8ms)
  [1m[35mCrop Load (0.2ms)[0m  SELECT "crops".* FROM "crops" WHERE ("crops".field_id = 1)
Rendered partials/_field_daily_wx.html.erb (0.4ms)
Rendered wisp/field_status.html.erb within layouts/application (51.6ms)
Completed 200 OK in 320ms (Views: 57.1ms | ActiveRecord: 5.6ms)


Started GET "/field_daily_weather?q=1&_search=false&nd=1308860171181&rows=10&page=1&sidx=&sord=" for 127.0.0.1 at 2011-06-23 15:16:11 -0500
  Processing by FieldDailyWeatherController#index as JSON
  Parameters: {"q"=>"1", "_search"=>"false", "nd"=>"1308860171181", "rows"=>"10", "page"=>"1", "sidx"=>"", "sord"=>""}
  [1m[36mField Load (0.3ms)[0m  [1mSELECT "fields".* FROM "fields" WHERE "fields"."name" = 'field one' LIMIT 1[0m
Completed   in 42ms

NoMethodError (You have a nil object when you didn't expect it!
You might have expected an instance of ActiveRecord::Base.
The error occurred while evaluating nil.[]):
  app/controllers/field_daily_weather_controller.rb:8:in `index'

Rendered /Users/wayne/.rvm/gems/ruby-1.9.2-p180@rails3/gems/actionpack-3.0.7/lib/action_dispatch/middleware/templates/rescues/_trace.erb (1.0ms)
Rendered /Users/wayne/.rvm/gems/ruby-1.9.2-p180@rails3/gems/actionpack-3.0.7/lib/action_dispatch/middleware/templates/rescues/_request_and_response.erb (3.0ms)
Rendered /Users/wayne/.rvm/gems/ruby-1.9.2-p180@rails3/gems/actionpack-3.0.7/lib/action_dispatch/middleware/templates/rescues/diagnostics.erb within rescues/layout (8.2ms)


Started GET "/wisp/field_status" for 127.0.0.1 at 2011-06-23 15:19:54 -0500
  Processing by WispController#field_status as HTML
  [1m[35mUser Load (0.2ms)[0m  SELECT "users".* FROM "users" WHERE "users"."id" = 1 LIMIT 1
  [1m[36mGroup Load (0.3ms)[0m  [1mSELECT "groups".* FROM "groups" INNER JOIN "memberships" ON "groups".id = "memberships".group_id WHERE (("memberships".user_id = 1))[0m
  [1m[35mFarm Load (0.4ms)[0m  SELECT "farms".* FROM "farms" WHERE (group_id = 1)
  [1m[36mFarm Load (0.4ms)[0m  [1mSELECT "farms".* FROM "farms" WHERE "farms"."id" = 1 LIMIT 1[0m
  [1m[35mPivot Load (0.8ms)[0m  SELECT "pivots".* FROM "pivots" WHERE ("pivots".farm_id = 1) LIMIT 1
  [1m[36mPivot Load (0.8ms)[0m  [1mSELECT "pivots".* FROM "pivots" WHERE "pivots"."id" = 1 LIMIT 1[0m
  [1m[35mField Load (0.9ms)[0m  SELECT "fields".* FROM "fields" WHERE ("fields".pivot_id = 1) LIMIT 1
  [1m[36mCACHE (0.0ms)[0m  [1mSELECT "farms".* FROM "farms" WHERE "farms"."id" = 1 LIMIT 1[0m
  [1m[35mCACHE (0.0ms)[0m  SELECT "pivots".* FROM "pivots" WHERE "pivots"."id" = 1 LIMIT 1
  [1m[36mField Load (1.3ms)[0m  [1mSELECT "fields".* FROM "fields" WHERE "fields"."id" = 1 LIMIT 1[0m
#<Farm:0x00000104489658>
1
1
Rendered wisp/_sidebar.html.erb (2.7ms)
  [1m[35mCrop Load (0.2ms)[0m  SELECT "crops".* FROM "crops" WHERE ("crops".field_id = 1)
Rendered partials/_field_daily_wx.html.erb (0.4ms)
Rendered wisp/field_status.html.erb within layouts/application (20.0ms)
Completed 200 OK in 237ms (Views: 25.1ms | ActiveRecord: 5.3ms)


Started GET "/field_daily_weather?q=1&_search=false&nd=1308860395397&rows=10&page=1&sidx=&sord=" for 127.0.0.1 at 2011-06-23 15:19:55 -0500
  Processing by FieldDailyWeatherController#index as JSON
  Parameters: {"q"=>"1", "_search"=>"false", "nd"=>"1308860395397", "rows"=>"10", "page"=>"1", "sidx"=>"", "sord"=>""}
  [1m[36mSQL (0.2ms)[0m  [1mSELECT COUNT(*) FROM "field_daily_weather" WHERE "field_daily_weather"."field_id" IS NULL[0m
  [1m[35mCACHE (0.0ms)[0m  SELECT COUNT(*) FROM "field_daily_weather" WHERE "field_daily_weather"."field_id" IS NULL
  [1m[36mFieldDailyWeather Load (0.2ms)[0m  [1mSELECT "field_daily_weather".* FROM "field_daily_weather" WHERE "field_daily_weather"."field_id" IS NULL ORDER BY date[0m
Completed 200 OK in 72ms (Views: 6.6ms | ActiveRecord: 0.4ms)


Started GET "/wisp/field_status?field_id=1" for 127.0.0.1 at 2011-06-23 15:20:03 -0500
  Processing by WispController#field_status as HTML
  Parameters: {"field_id"=>"1"}
  [1m[35mUser Load (0.2ms)[0m  SELECT "users".* FROM "users" WHERE "users"."id" = 1 LIMIT 1
  [1m[36mGroup Load (0.3ms)[0m  [1mSELECT "groups".* FROM "groups" INNER JOIN "memberships" ON "groups".id = "memberships".group_id WHERE (("memberships".user_id = 1))[0m
  [1m[35mFarm Load (0.5ms)[0m  SELECT "farms".* FROM "farms" WHERE (group_id = 1)
  [1m[36mFarm Load (0.4ms)[0m  [1mSELECT "farms".* FROM "farms" WHERE "farms"."id" = 1 LIMIT 1[0m
  [1m[35mPivot Load (0.8ms)[0m  SELECT "pivots".* FROM "pivots" WHERE ("pivots".farm_id = 1) LIMIT 1
  [1m[36mCACHE (0.0ms)[0m  [1mSELECT "farms".* FROM "farms" WHERE "farms"."id" = 1 LIMIT 1[0m
  [1m[35mPivot Load (0.8ms)[0m  SELECT "pivots".* FROM "pivots" WHERE "pivots"."id" = 1 LIMIT 1
  [1m[36mField Load (0.9ms)[0m  [1mSELECT "fields".* FROM "fields" WHERE "fields"."id" = 1 LIMIT 1[0m
#<Farm:0x00000103c4f1e0>
1
1
Rendered wisp/_sidebar.html.erb (2.6ms)
  [1m[35mCrop Load (0.2ms)[0m  SELECT "crops".* FROM "crops" WHERE ("crops".field_id = 1)
Rendered partials/_field_daily_wx.html.erb (0.4ms)
Rendered wisp/field_status.html.erb within layouts/application (30.3ms)
Completed 200 OK in 233ms (Views: 35.2ms | ActiveRecord: 4.0ms)


Started GET "/field_daily_weather?q=1&_search=false&nd=1308860403595&rows=10&page=1&sidx=&sord=" for 127.0.0.1 at 2011-06-23 15:20:03 -0500
  Processing by FieldDailyWeatherController#index as JSON
  Parameters: {"q"=>"1", "_search"=>"false", "nd"=>"1308860403595", "rows"=>"10", "page"=>"1", "sidx"=>"", "sord"=>""}
  [1m[36mSQL (0.2ms)[0m  [1mSELECT COUNT(*) FROM "field_daily_weather" WHERE "field_daily_weather"."field_id" IS NULL[0m
  [1m[35mCACHE (0.0ms)[0m  SELECT COUNT(*) FROM "field_daily_weather" WHERE "field_daily_weather"."field_id" IS NULL
  [1m[36mFieldDailyWeather Load (0.1ms)[0m  [1mSELECT "field_daily_weather".* FROM "field_daily_weather" WHERE "field_daily_weather"."field_id" IS NULL ORDER BY date[0m
Completed 200 OK in 27ms (Views: 6.4ms | ActiveRecord: 0.3ms)
DEPRECATION WARNING: You are using the old router DSL which will be removed in Rails 3.1. Please check how to update your routes file at: http://www.engineyard.com/blog/2010/the-lowdown-on-routes-in-rails-3/. (called from <top (required)> at /Users/wayne/Documents/uwex_agwx_rails3/rails-app/config/routes.rb:1)
DEPRECATION WARNING: You are using the old router DSL which will be removed in Rails 3.1. Please check how to update your routes file at: http://www.engineyard.com/blog/2010/the-lowdown-on-routes-in-rails-3/. (called from <top (required)> at /Users/wayne/Documents/uwex_agwx_rails3/rails-app/config/routes.rb:1)


Started GET "/wisp/field_status?field_id=1" for 127.0.0.1 at 2011-06-23 15:21:33 -0500
  Processing by WispController#field_status as HTML
  Parameters: {"field_id"=>"1"}
  [1m[36mSQL (0.7ms)[0m  [1m SELECT name
 FROM sqlite_master
 WHERE type = 'table' AND NOT name = 'sqlite_sequence'
[0m
  [1m[35mUser Load (0.2ms)[0m  SELECT "users".* FROM "users" WHERE "users"."id" = 1 LIMIT 1
  [1m[36mGroup Load (0.3ms)[0m  [1mSELECT "groups".* FROM "groups" INNER JOIN "memberships" ON "groups".id = "memberships".group_id WHERE (("memberships".user_id = 1))[0m
Completed   in 163ms

RuntimeError (NO current group):
  app/controllers/application_controller.rb:13:in `get_current_ids'

Rendered /Users/wayne/.rvm/gems/ruby-1.9.2-p180@rails3/gems/actionpack-3.0.7/lib/action_dispatch/middleware/templates/rescues/_trace.erb (0.9ms)
Rendered /Users/wayne/.rvm/gems/ruby-1.9.2-p180@rails3/gems/actionpack-3.0.7/lib/action_dispatch/middleware/templates/rescues/_request_and_response.erb (2.5ms)
Rendered /Users/wayne/.rvm/gems/ruby-1.9.2-p180@rails3/gems/actionpack-3.0.7/lib/action_dispatch/middleware/templates/rescues/diagnostics.erb within rescues/layout (8.0ms)
DEPRECATION WARNING: You are using the old router DSL which will be removed in Rails 3.1. Please check how to update your routes file at: http://www.engineyard.com/blog/2010/the-lowdown-on-routes-in-rails-3/. (called from <top (required)> at /Users/wayne/Documents/uwex_agwx_rails3/rails-app/config/routes.rb:1)
DEPRECATION WARNING: You are using the old router DSL which will be removed in Rails 3.1. Please check how to update your routes file at: http://www.engineyard.com/blog/2010/the-lowdown-on-routes-in-rails-3/. (called from <top (required)> at /Users/wayne/Documents/uwex_agwx_rails3/rails-app/config/routes.rb:1)


Started GET "/wisp/field_status?field_id=1" for 127.0.0.1 at 2011-06-23 15:23:06 -0500
  Processing by WispController#field_status as HTML
  Parameters: {"field_id"=>"1"}
  [1m[36mSQL (0.7ms)[0m  [1m SELECT name
 FROM sqlite_master
 WHERE type = 'table' AND NOT name = 'sqlite_sequence'
[0m
  [1m[35mUser Load (0.2ms)[0m  SELECT "users".* FROM "users" WHERE "users"."id" = 1 LIMIT 1
  [1m[36mGroup Load (0.3ms)[0m  [1mSELECT "groups".* FROM "groups" INNER JOIN "memberships" ON "groups".id = "memberships".group_id WHERE (("memberships".user_id = 1))[0m
  [1m[35mFarm Load (0.2ms)[0m  SELECT "farms".* FROM "farms" WHERE (group_id = 1)
Completed   in 169ms

ActiveRecord::RecordNotFound (Couldn't find Farm without an ID):
  app/controllers/application_controller.rb:15:in `get_current_ids'

Rendered /Users/wayne/.rvm/gems/ruby-1.9.2-p180@rails3/gems/actionpack-3.0.7/lib/action_dispatch/middleware/templates/rescues/_trace.erb (0.9ms)
Rendered /Users/wayne/.rvm/gems/ruby-1.9.2-p180@rails3/gems/actionpack-3.0.7/lib/action_dispatch/middleware/templates/rescues/_request_and_response.erb (2.8ms)
Rendered /Users/wayne/.rvm/gems/ruby-1.9.2-p180@rails3/gems/actionpack-3.0.7/lib/action_dispatch/middleware/templates/rescues/diagnostics.erb within rescues/layout (7.9ms)
DEPRECATION WARNING: You are using the old router DSL which will be removed in Rails 3.1. Please check how to update your routes file at: http://www.engineyard.com/blog/2010/the-lowdown-on-routes-in-rails-3/. (called from <top (required)> at /Users/wayne/Documents/uwex_agwx_rails3/rails-app/config/routes.rb:1)
DEPRECATION WARNING: You are using the old router DSL which will be removed in Rails 3.1. Please check how to update your routes file at: http://www.engineyard.com/blog/2010/the-lowdown-on-routes-in-rails-3/. (called from <top (required)> at /Users/wayne/Documents/uwex_agwx_rails3/rails-app/config/routes.rb:1)


Started GET "/wisp/field_status?field_id=1" for 127.0.0.1 at 2011-06-23 15:25:56 -0500
  Processing by WispController#field_status as HTML
  Parameters: {"field_id"=>"1"}
  [1m[36mSQL (0.7ms)[0m  [1m SELECT name
 FROM sqlite_master
 WHERE type = 'table' AND NOT name = 'sqlite_sequence'
[0m
  [1m[35mUser Load (0.2ms)[0m  SELECT "users".* FROM "users" WHERE "users"."id" = 1 LIMIT 1
  [1m[36mGroup Load (0.3ms)[0m  [1mSELECT "groups".* FROM "groups" INNER JOIN "memberships" ON "groups".id = "memberships".group_id WHERE (("memberships".user_id = 1))[0m
  [1m[35mFarm Load (0.4ms)[0m  SELECT "farms".* FROM "farms" WHERE (group_id = 1)
  [1m[36mFarm Load (0.3ms)[0m  [1mSELECT "farms".* FROM "farms" WHERE "farms"."id" = 593363170 LIMIT 1[0m
  [1m[35mPivot Load (0.2ms)[0m  SELECT "pivots".* FROM "pivots" WHERE ("pivots".farm_id = 593363170) LIMIT 1
  [1m[36mCACHE (0.0ms)[0m  [1mSELECT "farms".* FROM "farms" WHERE "farms"."id" = 593363170 LIMIT 1[0m
  [1m[35mField Load (0.2ms)[0m  SELECT "fields".* FROM "fields" WHERE "fields"."id" = 1 LIMIT 1
Completed   in 258ms

ActiveRecord::RecordNotFound (Couldn't find Field with ID=1):
  app/controllers/wisp_controller.rb:20:in `field_status'

Rendered /Users/wayne/.rvm/gems/ruby-1.9.2-p180@rails3/gems/actionpack-3.0.7/lib/action_dispatch/middleware/templates/rescues/_trace.erb (0.9ms)
Rendered /Users/wayne/.rvm/gems/ruby-1.9.2-p180@rails3/gems/actionpack-3.0.7/lib/action_dispatch/middleware/templates/rescues/_request_and_response.erb (2.8ms)
Rendered /Users/wayne/.rvm/gems/ruby-1.9.2-p180@rails3/gems/actionpack-3.0.7/lib/action_dispatch/middleware/templates/rescues/diagnostics.erb within rescues/layout (7.8ms)
DEPRECATION WARNING: You are using the old router DSL which will be removed in Rails 3.1. Please check how to update your routes file at: http://www.engineyard.com/blog/2010/the-lowdown-on-routes-in-rails-3/. (called from <top (required)> at /Users/wayne/Documents/uwex_agwx_rails3/rails-app/config/routes.rb:1)
DEPRECATION WARNING: You are using the old router DSL which will be removed in Rails 3.1. Please check how to update your routes file at: http://www.engineyard.com/blog/2010/the-lowdown-on-routes-in-rails-3/. (called from <top (required)> at /Users/wayne/Documents/uwex_agwx_rails3/rails-app/config/routes.rb:1)


Started GET "/wisp/field_status?field_id=1" for 127.0.0.1 at 2011-06-23 15:26:59 -0500
  Processing by WispController#field_status as HTML
  Parameters: {"field_id"=>"1"}
  [1m[36mSQL (0.7ms)[0m  [1m SELECT name
 FROM sqlite_master
 WHERE type = 'table' AND NOT name = 'sqlite_sequence'
[0m
  [1m[35mUser Load (0.2ms)[0m  SELECT "users".* FROM "users" WHERE "users"."id" = 1 LIMIT 1
  [1m[36mGroup Load (0.3ms)[0m  [1mSELECT "groups".* FROM "groups" INNER JOIN "memberships" ON "groups".id = "memberships".group_id WHERE (("memberships".user_id = 1))[0m
  [1m[35mFarm Load (0.4ms)[0m  SELECT "farms".* FROM "farms" WHERE (group_id = 1)
  [1m[36mFarm Load (0.3ms)[0m  [1mSELECT "farms".* FROM "farms" WHERE "farms"."id" = 593363170 LIMIT 1[0m
  [1m[35mPivot Load (0.2ms)[0m  SELECT "pivots".* FROM "pivots" WHERE ("pivots".farm_id = 593363170) LIMIT 1
  [1m[36mCACHE (0.0ms)[0m  [1mSELECT "farms".* FROM "farms" WHERE "farms"."id" = 593363170 LIMIT 1[0m
  [1m[35mField Load (0.3ms)[0m  SELECT "fields".* FROM "fields" WHERE "fields"."id" = 1 LIMIT 1
#<Farm:0x000001040db2e0>
1

Rendered wisp/_sidebar.html.erb (2.7ms)
  [1m[36mCrop Load (0.7ms)[0m  [1mSELECT "crops".* FROM "crops" WHERE ("crops".field_id = 1)[0m
Rendered wisp/field_status.html.erb within layouts/application (149.5ms)
Completed   in 406ms

ActionView::Template::Error (undefined method `name' for #<Crop:0x00000102932f30>):
    83: <div id="fieldDataBox">
    84: <h2>Field Data</h2>
    85: Farm name:<%= @farm.name if @farm %><br/>
    86: Pivot name: <%= @pivot.name if @pivot %><br/>
    87: Field name/soil: <%= @field.name if @field %><br/>
    88: Crop: <%= @field.current_crop.name if @field && @field.current_crop %><br/>
    89: Root zone depth: <%= @field.current_crop.max_root_zone_depth if @field && @field.current_crop %><br/>
  app/views/wisp/field_status.html.erb:86:in `_app_views_wisp_field_status_html_erb___38220767080214094_2181503320__4278035154667733191'

Rendered /Users/wayne/.rvm/gems/ruby-1.9.2-p180@rails3/gems/actionpack-3.0.7/lib/action_dispatch/middleware/templates/rescues/_trace.erb (1.4ms)
Rendered /Users/wayne/.rvm/gems/ruby-1.9.2-p180@rails3/gems/actionpack-3.0.7/lib/action_dispatch/middleware/templates/rescues/_request_and_response.erb (4.1ms)
Rendered /Users/wayne/.rvm/gems/ruby-1.9.2-p180@rails3/gems/actionpack-3.0.7/lib/action_dispatch/middleware/templates/rescues/template_error.erb within rescues/layout (10.1ms)


Started GET "/wisp/field_status?field_id=1" for 127.0.0.1 at 2011-06-23 15:28:34 -0500
  Processing by WispController#field_status as HTML
  Parameters: {"field_id"=>"1"}
  [1m[35mUser Load (0.2ms)[0m  SELECT "users".* FROM "users" WHERE "users"."id" = 1 LIMIT 1
  [1m[36mGroup Load (0.3ms)[0m  [1mSELECT "groups".* FROM "groups" INNER JOIN "memberships" ON "groups".id = "memberships".group_id WHERE (("memberships".user_id = 1))[0m
  [1m[35mFarm Load (0.5ms)[0m  SELECT "farms".* FROM "farms" WHERE (group_id = 1)
  [1m[36mFarm Load (0.4ms)[0m  [1mSELECT "farms".* FROM "farms" WHERE "farms"."id" = 593363170 LIMIT 1[0m
  [1m[35mPivot Load (0.2ms)[0m  SELECT "pivots".* FROM "pivots" WHERE ("pivots".farm_id = 593363170) LIMIT 1
  [1m[36mCACHE (0.0ms)[0m  [1mSELECT "farms".* FROM "farms" WHERE "farms"."id" = 593363170 LIMIT 1[0m
  [1m[35mField Load (0.4ms)[0m  SELECT "fields".* FROM "fields" WHERE "fields"."id" = 1 LIMIT 1
#<Farm:0x00000101e810a0>
1

Rendered wisp/_sidebar.html.erb (2.7ms)
  [1m[36mCrop Load (0.6ms)[0m  [1mSELECT "crops".* FROM "crops" WHERE ("crops".field_id = 1)[0m
Rendered partials/_field_daily_wx.html.erb (0.5ms)
Rendered wisp/field_status.html.erb within layouts/application (71.8ms)
Completed 200 OK in 250ms (Views: 76.4ms | ActiveRecord: 2.5ms)


Started GET "/field_daily_weather?q=1&_search=false&nd=1308860915422&rows=10&page=1&sidx=&sord=" for 127.0.0.1 at 2011-06-23 15:28:35 -0500
  Processing by FieldDailyWeatherController#index as JSON
  Parameters: {"q"=>"1", "_search"=>"false", "nd"=>"1308860915422", "rows"=>"10", "page"=>"1", "sidx"=>"", "sord"=>""}
  [1m[35mSQL (0.2ms)[0m  SELECT COUNT(*) FROM "field_daily_weather" WHERE "field_daily_weather"."field_id" IS NULL
  [1m[36mCACHE (0.0ms)[0m  [1mSELECT COUNT(*) FROM "field_daily_weather" WHERE "field_daily_weather"."field_id" IS NULL[0m
  [1m[35mFieldDailyWeather Load (0.2ms)[0m  SELECT "field_daily_weather".* FROM "field_daily_weather" WHERE "field_daily_weather"."field_id" IS NULL ORDER BY date
Completed 200 OK in 36ms (Views: 7.3ms | ActiveRecord: 0.4ms)


Started GET "/wisp/field_status?field_id=1" for 127.0.0.1 at 2011-06-23 15:30:11 -0500
  Processing by WispController#field_status as HTML
  Parameters: {"field_id"=>"1"}
  [1m[36mUser Load (0.2ms)[0m  [1mSELECT "users".* FROM "users" WHERE "users"."id" = 1 LIMIT 1[0m
  [1m[35mGroup Load (0.3ms)[0m  SELECT "groups".* FROM "groups" INNER JOIN "memberships" ON "groups".id = "memberships".group_id WHERE (("memberships".user_id = 1))
  [1m[36mFarm Load (0.5ms)[0m  [1mSELECT "farms".* FROM "farms" WHERE (group_id = 1)[0m
  [1m[35mFarm Load (0.4ms)[0m  SELECT "farms".* FROM "farms" WHERE "farms"."id" = 593363170 LIMIT 1
  [1m[36mPivot Load (0.2ms)[0m  [1mSELECT "pivots".* FROM "pivots" WHERE ("pivots".farm_id = 593363170) LIMIT 1[0m
  [1m[35mCACHE (0.0ms)[0m  SELECT "farms".* FROM "farms" WHERE "farms"."id" = 593363170 LIMIT 1
  [1m[36mField Load (0.3ms)[0m  [1mSELECT "fields".* FROM "fields" WHERE "fields"."id" = 1 LIMIT 1[0m
#<Farm:0x000001053d6250>
1

Rendered wisp/_sidebar.html.erb (2.5ms)
  [1m[35mCrop Load (0.6ms)[0m  SELECT "crops".* FROM "crops" WHERE ("crops".field_id = 1)
Rendered partials/_field_daily_wx.html.erb (0.5ms)
Rendered wisp/field_status.html.erb within layouts/application (78.7ms)
Completed 200 OK in 251ms (Views: 83.2ms | ActiveRecord: 2.5ms)


Started GET "/field_daily_weather?q=1&_search=false&nd=1308861011910&rows=10&page=1&sidx=&sord=" for 127.0.0.1 at 2011-06-23 15:30:11 -0500
  Processing by FieldDailyWeatherController#index as JSON
  Parameters: {"q"=>"1", "_search"=>"false", "nd"=>"1308861011910", "rows"=>"10", "page"=>"1", "sidx"=>"", "sord"=>""}
  [1m[36mSQL (0.2ms)[0m  [1mSELECT COUNT(*) FROM "field_daily_weather" WHERE "field_daily_weather"."field_id" IS NULL[0m
  [1m[35mCACHE (0.0ms)[0m  SELECT COUNT(*) FROM "field_daily_weather" WHERE "field_daily_weather"."field_id" IS NULL
  [1m[36mFieldDailyWeather Load (0.2ms)[0m  [1mSELECT "field_daily_weather".* FROM "field_daily_weather" WHERE "field_daily_weather"."field_id" IS NULL ORDER BY date[0m
Completed 200 OK in 71ms (Views: 5.9ms | ActiveRecord: 0.5ms)


Started GET "/wisp/field_status?field_id=1" for 127.0.0.1 at 2011-06-23 15:32:44 -0500
  Processing by WispController#field_status as HTML
  Parameters: {"field_id"=>"1"}
  [1m[35mUser Load (0.2ms)[0m  SELECT "users".* FROM "users" WHERE "users"."id" = 1 LIMIT 1
  [1m[36mGroup Load (0.3ms)[0m  [1mSELECT "groups".* FROM "groups" INNER JOIN "memberships" ON "groups".id = "memberships".group_id WHERE (("memberships".user_id = 1))[0m
  [1m[35mFarm Load (0.4ms)[0m  SELECT "farms".* FROM "farms" WHERE (group_id = 1)
  [1m[36mFarm Load (0.4ms)[0m  [1mSELECT "farms".* FROM "farms" WHERE "farms"."id" = 593363170 LIMIT 1[0m
  [1m[35mPivot Load (0.2ms)[0m  SELECT "pivots".* FROM "pivots" WHERE ("pivots".farm_id = 593363170) LIMIT 1
  [1m[36mCACHE (0.0ms)[0m  [1mSELECT "farms".* FROM "farms" WHERE "farms"."id" = 593363170 LIMIT 1[0m
  [1m[35mField Load (0.3ms)[0m  SELECT "fields".* FROM "fields" WHERE "fields"."id" = 1 LIMIT 1
#<Farm:0x00000102dde9a8>
1

Rendered wisp/_sidebar.html.erb (2.7ms)
  [1m[36mCrop Load (0.7ms)[0m  [1mSELECT "crops".* FROM "crops" WHERE ("crops".field_id = 1)[0m
Rendered partials/_field_daily_wx.html.erb (0.5ms)
Rendered wisp/field_status.html.erb within layouts/application (75.8ms)
Completed 200 OK in 254ms (Views: 80.3ms | ActiveRecord: 2.6ms)


Started GET "/field_daily_weather?q=1&_search=false&nd=1308861165210&rows=10&page=1&sidx=&sord=" for 127.0.0.1 at 2011-06-23 15:32:45 -0500
  Processing by FieldDailyWeatherController#index as JSON
  Parameters: {"q"=>"1", "_search"=>"false", "nd"=>"1308861165210", "rows"=>"10", "page"=>"1", "sidx"=>"", "sord"=>""}
  [1m[35mSQL (0.2ms)[0m  SELECT COUNT(*) FROM "field_daily_weather" WHERE "field_daily_weather"."field_id" IS NULL
  [1m[36mCACHE (0.0ms)[0m  [1mSELECT COUNT(*) FROM "field_daily_weather" WHERE "field_daily_weather"."field_id" IS NULL[0m
  [1m[35mFieldDailyWeather Load (0.2ms)[0m  SELECT "field_daily_weather".* FROM "field_daily_weather" WHERE "field_daily_weather"."field_id" IS NULL ORDER BY date
Completed 200 OK in 41ms (Views: 9.3ms | ActiveRecord: 0.4ms)
